0 verbose cli /usr/local/bin/node /usr/local/bin/npm
1 info using npm@11.7.0
2 info using node@v22.21.0
3 silly config load:file:/usr/local/lib/node_modules/npm/npmrc
4 silly config load:file:/Users/michaelstewart/Library/CloudStorage/OneDrive-ClackamasCommunityCollege/regimen-iq/.npmrc
5 silly config load:file:/Users/michaelstewart/.npmrc
6 silly config load:file:/usr/local/etc/npmrc
7 verbose title npm audit fix
8 verbose argv "audit" "fix" "--cache" "./.npm-cache"
9 verbose logfile logs-max:10 dir:/Users/michaelstewart/Library/CloudStorage/OneDrive-ClackamasCommunityCollege/regimen-iq/.npm-cache/_logs/2025-12-23T07_12_38_000Z-
10 verbose logfile /Users/michaelstewart/Library/CloudStorage/OneDrive-ClackamasCommunityCollege/regimen-iq/.npm-cache/_logs/2025-12-23T07_12_38_000Z-debug-0.log
11 silly logfile done cleaning log files
12 silly packumentCache heap:2197815296 maxSize:549453824 maxEntrySize:274726912
13 silly audit bulk request {
13 silly audit   '@alloc/quick-lru': [ '5.2.0' ],
13 silly audit   '@ampproject/remapping': [ '2.3.0' ],
13 silly audit   '@appwrite.io/pink-icons': [ '1.0.0' ],
13 silly audit   '@babel/code-frame': [ '7.27.1' ],
13 silly audit   '@babel/compat-data': [ '7.28.5' ],
13 silly audit   '@babel/core': [ '7.28.5' ],
13 silly audit   semver: [ '6.3.1', '7.7.2' ],
13 silly audit   '@babel/generator': [ '7.28.5' ],
13 silly audit   '@babel/helper-compilation-targets': [ '7.27.2' ],
13 silly audit   '@babel/helper-globals': [ '7.28.0' ],
13 silly audit   '@babel/helper-module-imports': [ '7.27.1' ],
13 silly audit   '@babel/helper-module-transforms': [ '7.28.3' ],
13 silly audit   '@babel/helper-string-parser': [ '7.27.1' ],
13 silly audit   '@babel/helper-validator-identifier': [ '7.28.5' ],
13 silly audit   '@babel/helper-validator-option': [ '7.27.1' ],
13 silly audit   '@babel/helpers': [ '7.28.4' ],
13 silly audit   '@babel/parser': [ '7.28.5' ],
13 silly audit   '@babel/template': [ '7.27.2' ],
13 silly audit   '@babel/traverse': [ '7.28.5' ],
13 silly audit   '@babel/types': [ '7.28.5' ],
13 silly audit   '@emnapi/core': [ '1.7.1' ],
13 silly audit   '@emnapi/runtime': [ '1.4.5' ],
13 silly audit   '@emnapi/wasi-threads': [ '1.1.0' ],
13 silly audit   '@eslint-community/eslint-utils': [ '4.9.0' ],
13 silly audit   'eslint-visitor-keys': [ '3.4.3', '4.2.1' ],
13 silly audit   '@eslint-community/regexpp': [ '4.12.2' ],
13 silly audit   '@eslint/config-array': [ '0.21.1' ],
13 silly audit   '@eslint/config-helpers': [ '0.4.2' ],
13 silly audit   '@eslint/core': [ '0.17.0' ],
13 silly audit   '@eslint/eslintrc': [ '3.3.3' ],
13 silly audit   '@eslint/js': [ '9.39.2' ],
13 silly audit   '@eslint/object-schema': [ '2.1.7' ],
13 silly audit   '@eslint/plugin-kit': [ '0.4.1' ],
13 silly audit   '@humanfs/core': [ '0.19.1' ],
13 silly audit   '@humanfs/node': [ '0.16.7' ],
13 silly audit   '@humanwhocodes/module-importer': [ '1.0.1' ],
13 silly audit   '@humanwhocodes/retry': [ '0.4.3' ],
13 silly audit   '@img/sharp-darwin-arm64': [ '0.34.3' ],
13 silly audit   '@img/sharp-darwin-x64': [ '0.34.3' ],
13 silly audit   '@img/sharp-libvips-darwin-arm64': [ '1.2.0' ],
13 silly audit   '@img/sharp-libvips-darwin-x64': [ '1.2.0' ],
13 silly audit   '@img/sharp-libvips-linux-arm': [ '1.2.0' ],
13 silly audit   '@img/sharp-libvips-linux-arm64': [ '1.2.0' ],
13 silly audit   '@img/sharp-libvips-linux-ppc64': [ '1.2.0' ],
13 silly audit   '@img/sharp-libvips-linux-s390x': [ '1.2.0' ],
13 silly audit   '@img/sharp-libvips-linux-x64': [ '1.2.0' ],
13 silly audit   '@img/sharp-libvips-linuxmusl-arm64': [ '1.2.0' ],
13 silly audit   '@img/sharp-libvips-linuxmusl-x64': [ '1.2.0' ],
13 silly audit   '@img/sharp-linux-arm': [ '0.34.3' ],
13 silly audit   '@img/sharp-linux-arm64': [ '0.34.3' ],
13 silly audit   '@img/sharp-linux-ppc64': [ '0.34.3' ],
13 silly audit   '@img/sharp-linux-s390x': [ '0.34.3' ],
13 silly audit   '@img/sharp-linux-x64': [ '0.34.3' ],
13 silly audit   '@img/sharp-linuxmusl-arm64': [ '0.34.3' ],
13 silly audit   '@img/sharp-linuxmusl-x64': [ '0.34.3' ],
13 silly audit   '@img/sharp-wasm32': [ '0.34.3' ],
13 silly audit   '@img/sharp-win32-arm64': [ '0.34.3' ],
13 silly audit   '@img/sharp-win32-ia32': [ '0.34.3' ],
13 silly audit   '@img/sharp-win32-x64': [ '0.34.3' ],
13 silly audit   '@isaacs/fs-minipass': [ '4.0.1' ],
13 silly audit   '@jridgewell/gen-mapping': [ '0.3.12' ],
13 silly audit   '@jridgewell/remapping': [ '2.3.5' ],
13 silly audit   '@jridgewell/resolve-uri': [ '3.1.2' ],
13 silly audit   '@jridgewell/sourcemap-codec': [ '1.5.4' ],
13 silly audit   '@jridgewell/trace-mapping': [ '0.3.29' ],
13 silly audit   '@napi-rs/wasm-runtime': [ '0.2.12' ],
13 silly audit   '@next/env': [ '15.4.8' ],
13 silly audit   '@next/eslint-plugin-next': [ '16.1.1' ],
13 silly audit   '@next/swc-darwin-arm64': [ '15.4.8' ],
13 silly audit   '@next/swc-darwin-x64': [ '15.4.8' ],
13 silly audit   '@next/swc-linux-arm64-gnu': [ '15.4.8' ],
13 silly audit   '@next/swc-linux-arm64-musl': [ '15.4.8' ],
13 silly audit   '@next/swc-linux-x64-gnu': [ '15.4.8' ],
13 silly audit   '@next/swc-linux-x64-musl': [ '15.4.8' ],
13 silly audit   '@next/swc-win32-arm64-msvc': [ '15.4.8' ],
13 silly audit   '@next/swc-win32-x64-msvc': [ '15.4.8' ],
13 silly audit   '@nodelib/fs.scandir': [ '2.1.5' ],
13 silly audit   '@nodelib/fs.stat': [ '2.0.5' ],
13 silly audit   '@nodelib/fs.walk': [ '1.2.8' ],
13 silly audit   '@nolyfill/is-core-module': [ '1.0.39' ],
13 silly audit   '@rtsao/scc': [ '1.1.0' ],
13 silly audit   '@swc/helpers': [ '0.5.15' ],
13 silly audit   '@tailwindcss/node': [ '4.1.11' ],
13 silly audit   '@tailwindcss/oxide': [ '4.1.11' ],
13 silly audit   '@tailwindcss/oxide-android-arm64': [ '4.1.11' ],
13 silly audit   '@tailwindcss/oxide-darwin-arm64': [ '4.1.11' ],
13 silly audit   '@tailwindcss/oxide-darwin-x64': [ '4.1.11' ],
13 silly audit   '@tailwindcss/oxide-freebsd-x64': [ '4.1.11' ],
13 silly audit   '@tailwindcss/oxide-linux-arm-gnueabihf': [ '4.1.11' ],
13 silly audit   '@tailwindcss/oxide-linux-arm64-gnu': [ '4.1.11' ],
13 silly audit   '@tailwindcss/oxide-linux-arm64-musl': [ '4.1.11' ],
13 silly audit   '@tailwindcss/oxide-linux-x64-gnu': [ '4.1.11' ],
13 silly audit   '@tailwindcss/oxide-linux-x64-musl': [ '4.1.11' ],
13 silly audit   '@tailwindcss/oxide-wasm32-wasi': [ '4.1.11' ],
13 silly audit   '@tailwindcss/oxide-win32-arm64-msvc': [ '4.1.11' ],
13 silly audit   '@tailwindcss/oxide-win32-x64-msvc': [ '4.1.11' ],
13 silly audit   '@tailwindcss/postcss': [ '4.1.11' ],
13 silly audit   '@tybys/wasm-util': [ '0.10.1' ],
13 silly audit   '@types/estree': [ '1.0.8' ],
13 silly audit   '@types/json-schema': [ '7.0.15' ],
13 silly audit   '@types/json5': [ '0.0.29' ],
13 silly audit   '@typescript-eslint/eslint-plugin': [ '8.50.1' ],
13 silly audit   ignore: [ '7.0.5', '5.3.2' ],
13 silly audit   '@typescript-eslint/parser': [ '8.50.1' ],
13 silly audit   '@typescript-eslint/project-service': [ '8.50.1' ],
13 silly audit   '@typescript-eslint/scope-manager': [ '8.50.1' ],
13 silly audit   '@typescript-eslint/tsconfig-utils': [ '8.50.1' ],
13 silly audit   '@typescript-eslint/type-utils': [ '8.50.1' ],
13 silly audit   '@typescript-eslint/types': [ '8.50.1' ],
13 silly audit   '@typescript-eslint/typescript-estree': [ '8.50.1' ],
13 silly audit   'brace-expansion': [ '2.0.2', '1.1.12' ],
13 silly audit   minimatch: [ '9.0.5', '3.1.2' ],
13 silly audit   '@typescript-eslint/utils': [ '8.50.1' ],
13 silly audit   '@typescript-eslint/visitor-keys': [ '8.50.1' ],
13 silly audit   '@unrs/resolver-binding-android-arm-eabi': [ '1.11.1' ],
13 silly audit   '@unrs/resolver-binding-android-arm64': [ '1.11.1' ],
13 silly audit   '@unrs/resolver-binding-darwin-arm64': [ '1.11.1' ],
13 silly audit   '@unrs/resolver-binding-darwin-x64': [ '1.11.1' ],
13 silly audit   '@unrs/resolver-binding-freebsd-x64': [ '1.11.1' ],
13 silly audit   '@unrs/resolver-binding-linux-arm-gnueabihf': [ '1.11.1' ],
13 silly audit   '@unrs/resolver-binding-linux-arm-musleabihf': [ '1.11.1' ],
13 silly audit   '@unrs/resolver-binding-linux-arm64-gnu': [ '1.11.1' ],
13 silly audit   '@unrs/resolver-binding-linux-arm64-musl': [ '1.11.1' ],
13 silly audit   '@unrs/resolver-binding-linux-ppc64-gnu': [ '1.11.1' ],
13 silly audit   '@unrs/resolver-binding-linux-riscv64-gnu': [ '1.11.1' ],
13 silly audit   '@unrs/resolver-binding-linux-riscv64-musl': [ '1.11.1' ],
13 silly audit   '@unrs/resolver-binding-linux-s390x-gnu': [ '1.11.1' ],
13 silly audit   '@unrs/resolver-binding-linux-x64-gnu': [ '1.11.1' ],
13 silly audit   '@unrs/resolver-binding-linux-x64-musl': [ '1.11.1' ],
13 silly audit   '@unrs/resolver-binding-wasm32-wasi': [ '1.11.1' ],
13 silly audit   '@unrs/resolver-binding-win32-arm64-msvc': [ '1.11.1' ],
13 silly audit   '@unrs/resolver-binding-win32-ia32-msvc': [ '1.11.1' ],
13 silly audit   '@unrs/resolver-binding-win32-x64-msvc': [ '1.11.1' ],
13 silly audit   acorn: [ '8.15.0' ],
13 silly audit   'acorn-jsx': [ '5.3.2' ],
13 silly audit   ajv: [ '6.12.6' ],
13 silly audit   'ansi-styles': [ '4.3.0' ],
13 silly audit   appwrite: [ '18.1.1' ],
13 silly audit   argparse: [ '2.0.1' ],
13 silly audit   'aria-query': [ '5.3.2' ],
13 silly audit   'array-buffer-byte-length': [ '1.0.2' ],
13 silly audit   'array-includes': [ '3.1.9' ],
13 silly audit   'array.prototype.findlast': [ '1.2.5' ],
13 silly audit   'array.prototype.findlastindex': [ '1.2.6' ],
13 silly audit   'array.prototype.flat': [ '1.3.3' ],
13 silly audit   'array.prototype.flatmap': [ '1.3.3' ],
13 silly audit   'array.prototype.tosorted': [ '1.1.4' ],
13 silly audit   'arraybuffer.prototype.slice': [ '1.0.4' ],
13 silly audit   'ast-types-flow': [ '0.0.8' ],
13 silly audit   'async-function': [ '1.0.0' ],
13 silly audit   'available-typed-arrays': [ '1.0.7' ],
13 silly audit   'axe-core': [ '4.11.0' ],
13 silly audit   'axobject-query': [ '4.1.0' ],
13 silly audit   'balanced-match': [ '1.0.2' ],
13 silly audit   'baseline-browser-mapping': [ '2.9.11' ],
13 silly audit   braces: [ '3.0.3' ],
13 silly audit   browserslist: [ '4.28.1' ],
13 silly audit   'call-bind': [ '1.0.8' ],
13 silly audit   'call-bind-apply-helpers': [ '1.0.2' ],
13 silly audit   'call-bound': [ '1.0.4' ],
13 silly audit   callsites: [ '3.1.0' ],
13 silly audit   'caniuse-lite': [ '1.0.30001761' ],
13 silly audit   chalk: [ '4.1.2' ],
13 silly audit   chownr: [ '3.0.0' ],
13 silly audit   'client-only': [ '0.0.1' ],
13 silly audit   color: [ '4.2.3' ],
13 silly audit   'color-convert': [ '2.0.1' ],
13 silly audit   'color-name': [ '1.1.4' ],
13 silly audit   'color-string': [ '1.9.1' ],
13 silly audit   'concat-map': [ '0.0.1' ],
13 silly audit   'convert-source-map': [ '2.0.0' ],
13 silly audit   'cross-spawn': [ '7.0.6' ],
13 silly audit   'damerau-levenshtein': [ '1.0.8' ],
13 silly audit   'data-view-buffer': [ '1.0.2' ],
13 silly audit   'data-view-byte-length': [ '1.0.2' ],
13 silly audit   'data-view-byte-offset': [ '1.0.1' ],
13 silly audit   debug: [ '4.4.3', '3.2.7' ],
13 silly audit   'deep-is': [ '0.1.4' ],
13 silly audit   'define-data-property': [ '1.1.4' ],
13 silly audit   'define-properties': [ '1.2.1' ],
13 silly audit   'detect-libc': [ '2.0.4' ],
13 silly audit   doctrine: [ '2.1.0' ],
13 silly audit   'dunder-proto': [ '1.0.1' ],
13 silly audit   'electron-to-chromium': [ '1.5.267' ],
13 silly audit   'emoji-regex': [ '9.2.2' ],
13 silly audit   'enhanced-resolve': [ '5.18.2' ],
13 silly audit   'es-abstract': [ '1.24.1' ],
13 silly audit   'es-define-property': [ '1.0.1' ],
13 silly audit   'es-errors': [ '1.3.0' ],
13 silly audit   'es-iterator-helpers': [ '1.2.2' ],
13 silly audit   'es-object-atoms': [ '1.1.1' ],
13 silly audit   'es-set-tostringtag': [ '2.1.0' ],
13 silly audit   'es-shim-unscopables': [ '1.1.0' ],
13 silly audit   'es-to-primitive': [ '1.3.0' ],
13 silly audit   escalade: [ '3.2.0' ],
13 silly audit   'escape-string-regexp': [ '4.0.0' ],
13 silly audit   eslint: [ '9.39.2' ],
13 silly audit   'eslint-config-next': [ '16.1.1' ],
13 silly audit   globals: [ '16.4.0', '14.0.0' ],
13 silly audit   'eslint-import-resolver-node': [ '0.3.9' ],
13 silly audit   'eslint-import-resolver-typescript': [ '3.10.1' ],
13 silly audit   'eslint-module-utils': [ '2.12.1' ],
13 silly audit   'eslint-plugin-import': [ '2.32.0' ],
13 silly audit   'eslint-plugin-jsx-a11y': [ '6.10.2' ],
13 silly audit   'eslint-plugin-react': [ '7.37.5' ],
13 silly audit   'eslint-plugin-react-hooks': [ '7.0.1' ],
13 silly audit   resolve: [ '2.0.0-next.5', '1.22.11' ],
13 silly audit   'eslint-scope': [ '8.4.0' ],
13 silly audit   espree: [ '10.4.0' ],
13 silly audit   esquery: [ '1.6.0' ],
13 silly audit   esrecurse: [ '4.3.0' ],
13 silly audit   estraverse: [ '5.3.0' ],
13 silly audit   esutils: [ '2.0.3' ],
13 silly audit   'fast-deep-equal': [ '3.1.3' ],
13 silly audit   'fast-glob': [ '3.3.1' ],
13 silly audit   'glob-parent': [ '5.1.2', '6.0.2' ],
13 silly audit   'fast-json-stable-stringify': [ '2.1.0' ],
13 silly audit   'fast-levenshtein': [ '2.0.6' ],
13 silly audit   fastq: [ '1.19.1' ],
13 silly audit   'file-entry-cache': [ '8.0.0' ],
13 silly audit   'fill-range': [ '7.1.1' ],
13 silly audit   'find-up': [ '5.0.0' ],
13 silly audit   'flat-cache': [ '4.0.1' ],
13 silly audit   flatted: [ '3.3.3' ],
13 silly audit   'for-each': [ '0.3.5' ],
13 silly audit   'function-bind': [ '1.1.2' ],
13 silly audit   'function.prototype.name': [ '1.1.8' ],
13 silly audit   'functions-have-names': [ '1.2.3' ],
13 silly audit   'generator-function': [ '2.0.1' ],
13 silly audit   gensync: [ '1.0.0-beta.2' ],
13 silly audit   'get-intrinsic': [ '1.3.0' ],
13 silly audit   'get-proto': [ '1.0.1' ],
13 silly audit   'get-symbol-description': [ '1.1.0' ],
13 silly audit   'get-tsconfig': [ '4.13.0' ],
13 silly audit   globalthis: [ '1.0.4' ],
13 silly audit   gopd: [ '1.2.0' ],
13 silly audit   'graceful-fs': [ '4.2.11' ],
13 silly audit   'has-bigints': [ '1.1.0' ],
13 silly audit   'has-flag': [ '4.0.0' ],
13 silly audit   'has-property-descriptors': [ '1.0.2' ],
13 silly audit   'has-proto': [ '1.2.0' ],
13 silly audit   'has-symbols': [ '1.1.0' ],
13 silly audit   'has-tostringtag': [ '1.0.2' ],
13 silly audit   hasown: [ '2.0.2' ],
13 silly audit   'hermes-estree': [ '0.25.1' ],
13 silly audit   'hermes-parser': [ '0.25.1' ],
13 silly audit   'import-fresh': [ '3.3.1' ],
13 silly audit   imurmurhash: [ '0.1.4' ],
13 silly audit   'internal-slot': [ '1.1.0' ],
13 silly audit   'is-array-buffer': [ '3.0.5' ],
13 silly audit   'is-arrayish': [ '0.3.2' ],
13 silly audit   'is-async-function': [ '2.1.1' ],
13 silly audit   'is-bigint': [ '1.1.0' ],
13 silly audit   'is-boolean-object': [ '1.2.2' ],
13 silly audit   'is-bun-module': [ '2.0.0' ],
13 silly audit   'is-callable': [ '1.2.7' ],
13 silly audit   'is-core-module': [ '2.16.1' ],
13 silly audit   'is-data-view': [ '1.0.2' ],
13 silly audit   'is-date-object': [ '1.1.0' ],
13 silly audit   'is-extglob': [ '2.1.1' ],
13 silly audit   'is-finalizationregistry': [ '1.1.1' ],
13 silly audit   'is-generator-function': [ '1.1.2' ],
13 silly audit   'is-glob': [ '4.0.3' ],
13 silly audit   'is-map': [ '2.0.3' ],
13 silly audit   'is-negative-zero': [ '2.0.3' ],
13 silly audit   'is-number': [ '7.0.0' ],
13 silly audit   'is-number-object': [ '1.1.1' ],
13 silly audit   'is-regex': [ '1.2.1' ],
13 silly audit   'is-set': [ '2.0.3' ],
13 silly audit   'is-shared-array-buffer': [ '1.0.4' ],
13 silly audit   'is-string': [ '1.1.1' ],
13 silly audit   'is-symbol': [ '1.1.1' ],
13 silly audit   'is-typed-array': [ '1.1.15' ],
13 silly audit   'is-weakmap': [ '2.0.2' ],
13 silly audit   'is-weakref': [ '1.1.1' ],
13 silly audit   'is-weakset': [ '2.0.4' ],
13 silly audit   isarray: [ '2.0.5' ],
13 silly audit   isexe: [ '2.0.0' ],
13 silly audit   'iterator.prototype': [ '1.1.5' ],
13 silly audit   jiti: [ '2.4.2' ],
13 silly audit   'js-tokens': [ '4.0.0' ],
13 silly audit   'js-yaml': [ '4.1.1' ],
13 silly audit   jsesc: [ '3.1.0' ],
13 silly audit   'json-buffer': [ '3.0.1' ],
13 silly audit   'json-schema-traverse': [ '0.4.1' ],
13 silly audit   'json-stable-stringify-without-jsonify': [ '1.0.1' ],
13 silly audit   json5: [ '2.2.3', '1.0.2' ],
13 silly audit   'jsx-ast-utils': [ '3.3.5' ],
13 silly audit   keyv: [ '4.5.4' ],
13 silly audit   'language-subtag-registry': [ '0.3.23' ],
13 silly audit   'language-tags': [ '1.0.9' ],
13 silly audit   levn: [ '0.4.1' ],
13 silly audit   lightningcss: [ '1.30.1' ],
13 silly audit   'lightningcss-darwin-arm64': [ '1.30.1' ],
13 silly audit   'lightningcss-darwin-x64': [ '1.30.1' ],
13 silly audit   'lightningcss-freebsd-x64': [ '1.30.1' ],
13 silly audit   'lightningcss-linux-arm-gnueabihf': [ '1.30.1' ],
13 silly audit   'lightningcss-linux-arm64-gnu': [ '1.30.1' ],
13 silly audit   'lightningcss-linux-arm64-musl': [ '1.30.1' ],
13 silly audit   'lightningcss-linux-x64-gnu': [ '1.30.1' ],
13 silly audit   'lightningcss-linux-x64-musl': [ '1.30.1' ],
13 silly audit   'lightningcss-win32-arm64-msvc': [ '1.30.1' ],
13 silly audit   'lightningcss-win32-x64-msvc': [ '1.30.1' ],
13 silly audit   'locate-path': [ '6.0.0' ],
13 silly audit   'lodash.merge': [ '4.6.2' ],
13 silly audit   'loose-envify': [ '1.4.0' ],
13 silly audit   'lru-cache': [ '5.1.1' ],
13 silly audit   yallist: [ '3.1.1', '5.0.0' ],
13 silly audit   'magic-string': [ '0.30.17' ],
13 silly audit   'math-intrinsics': [ '1.1.0' ],
13 silly audit   merge2: [ '1.4.1' ],
13 silly audit   micromatch: [ '4.0.8' ],
13 silly audit   minimist: [ '1.2.8' ],
13 silly audit   minipass: [ '7.1.2' ],
13 silly audit   minizlib: [ '3.0.2' ],
13 silly audit   mkdirp: [ '3.0.1' ],
13 silly audit   ms: [ '2.1.3' ],
13 silly audit   nanoid: [ '3.3.11' ],
13 silly audit   'napi-postinstall': [ '0.3.4' ],
13 silly audit   'natural-compare': [ '1.4.0' ],
13 silly audit   next: [ '15.4.8' ],
13 silly audit   postcss: [ '8.4.31', '8.5.6' ],
13 silly audit   'node-appwrite': [ '21.0.0' ],
13 silly audit   'node-fetch-native-with-agent': [ '1.7.2' ],
13 silly audit   'node-releases': [ '2.0.27' ],
13 silly audit   'object-assign': [ '4.1.1' ],
13 silly audit   'object-inspect': [ '1.13.4' ],
13 silly audit   'object-keys': [ '1.1.1' ],
13 silly audit   'object.assign': [ '4.1.7' ],
13 silly audit   'object.entries': [ '1.1.9' ],
13 silly audit   'object.fromentries': [ '2.0.8' ],
13 silly audit   'object.groupby': [ '1.0.3' ],
13 silly audit   'object.values': [ '1.2.1' ],
13 silly audit   optionator: [ '0.9.4' ],
13 silly audit   'own-keys': [ '1.0.1' ],
13 silly audit   'p-limit': [ '3.1.0' ],
13 silly audit   'p-locate': [ '5.0.0' ],
13 silly audit   'parent-module': [ '1.0.1' ],
13 silly audit   'path-exists': [ '4.0.0' ],
13 silly audit   'path-key': [ '3.1.1' ],
13 silly audit   'path-parse': [ '1.0.7' ],
13 silly audit   picocolors: [ '1.1.1' ],
13 silly audit   picomatch: [ '2.3.1', '4.0.3' ],
13 silly audit   'possible-typed-array-names': [ '1.1.0' ],
13 silly audit   'prelude-ls': [ '1.2.1' ],
13 silly audit   prettier: [ '3.6.2' ],
13 silly audit   'prettier-plugin-tailwindcss': [ '0.6.14' ],
13 silly audit   'prop-types': [ '15.8.1' ],
13 silly audit   punycode: [ '2.3.1' ],
13 silly audit   'queue-microtask': [ '1.2.3' ],
13 silly audit   react: [ '19.1.2' ],
13 silly audit   'react-dom': [ '19.1.2' ],
13 silly audit   'react-is': [ '16.13.1' ],
13 silly audit   'reflect.getprototypeof': [ '1.0.10' ],
13 silly audit   'regexp.prototype.flags': [ '1.5.4' ],
13 silly audit   'resolve-from': [ '4.0.0' ],
13 silly audit   'resolve-pkg-maps': [ '1.0.0' ],
13 silly audit   reusify: [ '1.1.0' ],
13 silly audit   'run-parallel': [ '1.2.0' ],
13 silly audit   'safe-array-concat': [ '1.1.3' ],
13 silly audit   'safe-push-apply': [ '1.0.0' ],
13 silly audit   'safe-regex-test': [ '1.1.0' ],
13 silly audit   scheduler: [ '0.26.0' ],
13 silly audit   'set-function-length': [ '1.2.2' ],
13 silly audit   'set-function-name': [ '2.0.2' ],
13 silly audit   'set-proto': [ '1.0.0' ],
13 silly audit   sharp: [ '0.34.3' ],
13 silly audit   'shebang-command': [ '2.0.0' ],
13 silly audit   'shebang-regex': [ '3.0.0' ],
13 silly audit   'side-channel': [ '1.1.0' ],
13 silly audit   'side-channel-list': [ '1.0.0' ],
13 silly audit   'side-channel-map': [ '1.0.1' ],
13 silly audit   'side-channel-weakmap': [ '1.0.2' ],
13 silly audit   'simple-swizzle': [ '0.2.2' ],
13 silly audit   'source-map-js': [ '1.2.1' ],
13 silly audit   'stable-hash': [ '0.0.5' ],
13 silly audit   'stop-iteration-iterator': [ '1.1.0' ],
13 silly audit   'string.prototype.includes': [ '2.0.1' ],
13 silly audit   'string.prototype.matchall': [ '4.0.12' ],
13 silly audit   'string.prototype.repeat': [ '1.0.0' ],
13 silly audit   'string.prototype.trim': [ '1.2.10' ],
13 silly audit   'string.prototype.trimend': [ '1.0.9' ],
13 silly audit   'string.prototype.trimstart': [ '1.0.8' ],
13 silly audit   'strip-bom': [ '3.0.0' ],
13 silly audit   'strip-json-comments': [ '3.1.1' ],
13 silly audit   'styled-jsx': [ '5.1.6' ],
13 silly audit   'supports-color': [ '7.2.0' ],
13 silly audit   'supports-preserve-symlinks-flag': [ '1.0.0' ],
13 silly audit   tailwindcss: [ '4.1.11' ],
13 silly audit   tapable: [ '2.2.2' ],
13 silly audit   tar: [ '7.4.3' ],
13 silly audit   tinyglobby: [ '0.2.15' ],
13 silly audit   fdir: [ '6.5.0' ],
13 silly audit   'to-regex-range': [ '5.0.1' ],
13 silly audit   'ts-api-utils': [ '2.1.0' ],
13 silly audit   'tsconfig-paths': [ '3.15.0' ],
13 silly audit   tslib: [ '2.8.1' ],
13 silly audit   'type-check': [ '0.4.0' ],
13 silly audit   'typed-array-buffer': [ '1.0.3' ],
13 silly audit   'typed-array-byte-length': [ '1.0.3' ],
13 silly audit   'typed-array-byte-offset': [ '1.0.4' ],
13 silly audit   'typed-array-length': [ '1.0.7' ],
13 silly audit   typescript: [ '5.9.3' ],
13 silly audit   'typescript-eslint': [ '8.50.1' ],
13 silly audit   'unbox-primitive': [ '1.1.0' ],
13 silly audit   'unrs-resolver': [ '1.11.1' ],
13 silly audit   'update-browserslist-db': [ '1.2.3' ],
13 silly audit   'uri-js': [ '4.4.1' ],
13 silly audit   which: [ '2.0.2' ],
13 silly audit   'which-boxed-primitive': [ '1.1.1' ],
13 silly audit   'which-builtin-type': [ '1.2.1' ],
13 silly audit   'which-collection': [ '1.0.2' ],
13 silly audit   'which-typed-array': [ '1.1.19' ],
13 silly audit   'word-wrap': [ '1.2.5' ],
13 silly audit   'yocto-queue': [ '0.1.0' ],
13 silly audit   zod: [ '4.2.1' ],
13 silly audit   'zod-validation-error': [ '4.0.2' ]
13 silly audit }
14 http fetch POST 200 https://registry.npmjs.org/-/npm/v1/security/advisories/bulk 133ms
15 silly audit report {
15 silly audit report   next: [
15 silly audit report     {
15 silly audit report       id: 1111377,
15 silly audit report       url: 'https://github.com/advisories/GHSA-w37m-7fhw-fmv9',
15 silly audit report       title: 'Next Server Actions Source Code Exposure ',
15 silly audit report       severity: 'moderate',
15 silly audit report       vulnerable_versions: '>=15.4.0-canary.0 <15.4.9',
15 silly audit report       cwe: [Array],
15 silly audit report       cvss: [Object]
15 silly audit report     },
15 silly audit report     {
15 silly audit report       id: 1111386,
15 silly audit report       url: 'https://github.com/advisories/GHSA-mwv6-3258-q52c',
15 silly audit report       title: 'Next Vulnerable to Denial of Service with Server Components',
15 silly audit report       severity: 'high',
15 silly audit report       vulnerable_versions: '>=15.4.0-canary.0 <15.4.9',
15 silly audit report       cwe: [Array],
15 silly audit report       cvss: [Object]
15 silly audit report     }
15 silly audit report   ]
15 silly audit report }
16 silly packumentCache corgi:https://registry.npmjs.org/next cache-miss
17 http cache https://registry.npmjs.org/next 26ms (cache hit)
18 silly packumentCache corgi:https://registry.npmjs.org/next set size:23127871 disposed:false
19 silly idealTree buildDeps
20 silly fetch manifest next@^15.4.8
21 silly packumentCache full:https://registry.npmjs.org/next cache-miss
22 http fetch GET 200 https://registry.npmjs.org/next 336ms (cache miss)
23 silly packumentCache full:https://registry.npmjs.org/next set size:undefined disposed:false
24 silly fetch manifest @opentelemetry/api@^1.1.0
25 silly packumentCache full:https://registry.npmjs.org/@opentelemetry%2fapi cache-miss
26 http fetch GET 200 https://registry.npmjs.org/@opentelemetry%2fapi 50ms (cache miss)
27 silly packumentCache full:https://registry.npmjs.org/@opentelemetry%2fapi set size:undefined disposed:false
28 silly fetch manifest @playwright/test@^1.51.1
29 silly packumentCache full:https://registry.npmjs.org/@playwright%2ftest cache-miss
30 http fetch GET 200 https://registry.npmjs.org/@playwright%2ftest 164ms (cache miss)
31 silly packumentCache full:https://registry.npmjs.org/@playwright%2ftest set size:undefined disposed:false
32 silly fetch manifest babel-plugin-react-compiler@*
33 silly packumentCache full:https://registry.npmjs.org/babel-plugin-react-compiler cache-miss
34 http fetch GET 200 https://registry.npmjs.org/babel-plugin-react-compiler 40ms (cache miss)
35 silly packumentCache full:https://registry.npmjs.org/babel-plugin-react-compiler set size:undefined disposed:false
36 silly fetch manifest react@^19.1.2
37 silly packumentCache full:https://registry.npmjs.org/react cache-miss
38 http fetch GET 200 https://registry.npmjs.org/react 105ms (cache miss)
39 silly packumentCache full:https://registry.npmjs.org/react set size:undefined disposed:false
40 silly fetch manifest react-dom@^19.1.2
41 silly packumentCache full:https://registry.npmjs.org/react-dom cache-miss
42 http fetch GET 200 https://registry.npmjs.org/react-dom 97ms (cache miss)
43 silly packumentCache full:https://registry.npmjs.org/react-dom set size:undefined disposed:false
44 silly fetch manifest sass@^1.3.0
45 silly packumentCache full:https://registry.npmjs.org/sass cache-miss
46 http fetch GET 200 https://registry.npmjs.org/sass 42ms (cache miss)
47 silly packumentCache full:https://registry.npmjs.org/sass set size:undefined disposed:false
48 silly placeDep ROOT next@15.5.9 REPLACE for: starter-for-nextjs@0.1.0 want: ^15.4.8
49 silly fetch manifest @next/env@15.5.9
50 silly packumentCache full:https://registry.npmjs.org/@next%2fenv cache-miss
51 silly fetch manifest @next/swc-darwin-x64@15.5.7
52 silly packumentCache full:https://registry.npmjs.org/@next%2fswc-darwin-x64 cache-miss
53 silly fetch manifest @next/swc-darwin-arm64@15.5.7
54 silly packumentCache full:https://registry.npmjs.org/@next%2fswc-darwin-arm64 cache-miss
55 silly fetch manifest @next/swc-linux-x64-gnu@15.5.7
56 silly packumentCache full:https://registry.npmjs.org/@next%2fswc-linux-x64-gnu cache-miss
57 silly fetch manifest @next/swc-linux-x64-musl@15.5.7
58 silly packumentCache full:https://registry.npmjs.org/@next%2fswc-linux-x64-musl cache-miss
59 silly fetch manifest @next/swc-win32-x64-msvc@15.5.7
60 silly packumentCache full:https://registry.npmjs.org/@next%2fswc-win32-x64-msvc cache-miss
61 silly fetch manifest @next/swc-linux-arm64-gnu@15.5.7
62 silly packumentCache full:https://registry.npmjs.org/@next%2fswc-linux-arm64-gnu cache-miss
63 http fetch GET 200 https://registry.npmjs.org/@next%2fenv 138ms (cache miss)
64 silly packumentCache full:https://registry.npmjs.org/@next%2fenv set size:undefined disposed:false
65 silly fetch manifest @next/swc-linux-arm64-musl@15.5.7
66 silly packumentCache full:https://registry.npmjs.org/@next%2fswc-linux-arm64-musl cache-miss
67 http fetch GET 200 https://registry.npmjs.org/@next%2fswc-darwin-arm64 193ms (cache miss)
68 silly packumentCache full:https://registry.npmjs.org/@next%2fswc-darwin-arm64 set size:undefined disposed:false
69 silly fetch manifest @next/swc-win32-arm64-msvc@15.5.7
70 silly packumentCache full:https://registry.npmjs.org/@next%2fswc-win32-arm64-msvc cache-miss
71 http fetch GET 200 https://registry.npmjs.org/@next%2fswc-darwin-x64 249ms (cache miss)
72 silly packumentCache full:https://registry.npmjs.org/@next%2fswc-darwin-x64 set size:undefined disposed:false
73 http fetch GET 200 https://registry.npmjs.org/@next%2fswc-linux-arm64-gnu 294ms (cache miss)
74 silly packumentCache full:https://registry.npmjs.org/@next%2fswc-linux-arm64-gnu set size:undefined disposed:false
75 http fetch GET 200 https://registry.npmjs.org/@next%2fswc-win32-x64-msvc 317ms (cache miss)
76 silly packumentCache full:https://registry.npmjs.org/@next%2fswc-win32-x64-msvc set size:undefined disposed:false
77 http fetch GET 200 https://registry.npmjs.org/@next%2fswc-linux-x64-gnu 333ms (cache miss)
78 silly packumentCache full:https://registry.npmjs.org/@next%2fswc-linux-x64-gnu set size:undefined disposed:false
79 http fetch GET 200 https://registry.npmjs.org/@next%2fswc-linux-x64-musl 347ms (cache miss)
80 silly packumentCache full:https://registry.npmjs.org/@next%2fswc-linux-x64-musl set size:undefined disposed:false
81 http fetch GET 200 https://registry.npmjs.org/@next%2fswc-linux-arm64-musl 211ms (cache miss)
82 silly packumentCache full:https://registry.npmjs.org/@next%2fswc-linux-arm64-musl set size:undefined disposed:false
83 http fetch GET 200 https://registry.npmjs.org/@next%2fswc-win32-arm64-msvc 176ms (cache miss)
84 silly packumentCache full:https://registry.npmjs.org/@next%2fswc-win32-arm64-msvc set size:undefined disposed:false
85 silly placeDep ROOT @next/env@15.5.9 OK for: next@15.5.9 want: 15.5.9
86 silly placeDep ROOT @next/swc-darwin-arm64@15.5.7 OK for: next@15.5.9 want: 15.5.7
87 silly placeDep ROOT @next/swc-darwin-x64@15.5.7 OK for: next@15.5.9 want: 15.5.7
88 silly placeDep ROOT @next/swc-linux-arm64-gnu@15.5.7 OK for: next@15.5.9 want: 15.5.7
89 silly placeDep ROOT @next/swc-linux-arm64-musl@15.5.7 OK for: next@15.5.9 want: 15.5.7
90 silly placeDep ROOT @next/swc-linux-x64-gnu@15.5.7 OK for: next@15.5.9 want: 15.5.7
91 silly placeDep ROOT @next/swc-linux-x64-musl@15.5.7 OK for: next@15.5.9 want: 15.5.7
92 silly placeDep ROOT @next/swc-win32-arm64-msvc@15.5.7 OK for: next@15.5.9 want: 15.5.7
93 silly placeDep ROOT @next/swc-win32-x64-msvc@15.5.7 OK for: next@15.5.9 want: 15.5.7
94 silly reify mark retired [
94 silly reify   '/Users/michaelstewart/Library/CloudStorage/OneDrive-ClackamasCommunityCollege/regimen-iq/node_modules/@next/env'
94 silly reify ]
95 silly reify mark retired [
95 silly reify   '/Users/michaelstewart/Library/CloudStorage/OneDrive-ClackamasCommunityCollege/regimen-iq/node_modules/@next/swc-darwin-arm64'
95 silly reify ]
96 silly reify mark retired [
96 silly reify   '/Users/michaelstewart/Library/CloudStorage/OneDrive-ClackamasCommunityCollege/regimen-iq/node_modules/next',
96 silly reify   '/Users/michaelstewart/Library/CloudStorage/OneDrive-ClackamasCommunityCollege/regimen-iq/node_modules/.bin/next'
96 silly reify ]
97 silly reify moves {
97 silly reify   '/Users/michaelstewart/Library/CloudStorage/OneDrive-ClackamasCommunityCollege/regimen-iq/node_modules/@next/env': '/Users/michaelstewart/Library/CloudStorage/OneDrive-ClackamasCommunityCollege/regimen-iq/node_modules/@next/.env-XGtUtsJB',
97 silly reify   '/Users/michaelstewart/Library/CloudStorage/OneDrive-ClackamasCommunityCollege/regimen-iq/node_modules/@next/swc-darwin-arm64': '/Users/michaelstewart/Library/CloudStorage/OneDrive-ClackamasCommunityCollege/regimen-iq/node_modules/@next/.swc-darwin-arm64-cY4E9lQ5',
97 silly reify   '/Users/michaelstewart/Library/CloudStorage/OneDrive-ClackamasCommunityCollege/regimen-iq/node_modules/next': '/Users/michaelstewart/Library/CloudStorage/OneDrive-ClackamasCommunityCollege/regimen-iq/node_modules/.next-5EHicVWl',
97 silly reify   '/Users/michaelstewart/Library/CloudStorage/OneDrive-ClackamasCommunityCollege/regimen-iq/node_modules/.bin/next': '/Users/michaelstewart/Library/CloudStorage/OneDrive-ClackamasCommunityCollege/regimen-iq/node_modules/.bin/.next-zmsYOASo'
97 silly reify }
98 silly audit bulk request {
98 silly audit   '@alloc/quick-lru': [ '5.2.0' ],
98 silly audit   '@ampproject/remapping': [ '2.3.0' ],
98 silly audit   '@appwrite.io/pink-icons': [ '1.0.0' ],
98 silly audit   '@babel/code-frame': [ '7.27.1' ],
98 silly audit   '@babel/compat-data': [ '7.28.5' ],
98 silly audit   '@babel/core': [ '7.28.5' ],
98 silly audit   semver: [ '6.3.1', '7.7.2' ],
98 silly audit   '@babel/generator': [ '7.28.5' ],
98 silly audit   '@babel/helper-compilation-targets': [ '7.27.2' ],
98 silly audit   '@babel/helper-globals': [ '7.28.0' ],
98 silly audit   '@babel/helper-module-imports': [ '7.27.1' ],
98 silly audit   '@babel/helper-module-transforms': [ '7.28.3' ],
98 silly audit   '@babel/helper-string-parser': [ '7.27.1' ],
98 silly audit   '@babel/helper-validator-identifier': [ '7.28.5' ],
98 silly audit   '@babel/helper-validator-option': [ '7.27.1' ],
98 silly audit   '@babel/helpers': [ '7.28.4' ],
98 silly audit   '@babel/parser': [ '7.28.5' ],
98 silly audit   '@babel/template': [ '7.27.2' ],
98 silly audit   '@babel/traverse': [ '7.28.5' ],
98 silly audit   '@babel/types': [ '7.28.5' ],
98 silly audit   '@emnapi/core': [ '1.7.1' ],
98 silly audit   '@emnapi/runtime': [ '1.4.5' ],
98 silly audit   '@emnapi/wasi-threads': [ '1.1.0' ],
98 silly audit   '@eslint-community/eslint-utils': [ '4.9.0' ],
98 silly audit   'eslint-visitor-keys': [ '3.4.3', '4.2.1' ],
98 silly audit   '@eslint-community/regexpp': [ '4.12.2' ],
98 silly audit   '@eslint/config-array': [ '0.21.1' ],
98 silly audit   '@eslint/config-helpers': [ '0.4.2' ],
98 silly audit   '@eslint/core': [ '0.17.0' ],
98 silly audit   '@eslint/eslintrc': [ '3.3.3' ],
98 silly audit   '@eslint/js': [ '9.39.2' ],
98 silly audit   '@eslint/object-schema': [ '2.1.7' ],
98 silly audit   '@eslint/plugin-kit': [ '0.4.1' ],
98 silly audit   '@humanfs/core': [ '0.19.1' ],
98 silly audit   '@humanfs/node': [ '0.16.7' ],
98 silly audit   '@humanwhocodes/module-importer': [ '1.0.1' ],
98 silly audit   '@humanwhocodes/retry': [ '0.4.3' ],
98 silly audit   '@img/sharp-darwin-arm64': [ '0.34.3' ],
98 silly audit   '@img/sharp-darwin-x64': [ '0.34.3' ],
98 silly audit   '@img/sharp-libvips-darwin-arm64': [ '1.2.0' ],
98 silly audit   '@img/sharp-libvips-darwin-x64': [ '1.2.0' ],
98 silly audit   '@img/sharp-libvips-linux-arm': [ '1.2.0' ],
98 silly audit   '@img/sharp-libvips-linux-arm64': [ '1.2.0' ],
98 silly audit   '@img/sharp-libvips-linux-ppc64': [ '1.2.0' ],
98 silly audit   '@img/sharp-libvips-linux-s390x': [ '1.2.0' ],
98 silly audit   '@img/sharp-libvips-linux-x64': [ '1.2.0' ],
98 silly audit   '@img/sharp-libvips-linuxmusl-arm64': [ '1.2.0' ],
98 silly audit   '@img/sharp-libvips-linuxmusl-x64': [ '1.2.0' ],
98 silly audit   '@img/sharp-linux-arm': [ '0.34.3' ],
98 silly audit   '@img/sharp-linux-arm64': [ '0.34.3' ],
98 silly audit   '@img/sharp-linux-ppc64': [ '0.34.3' ],
98 silly audit   '@img/sharp-linux-s390x': [ '0.34.3' ],
98 silly audit   '@img/sharp-linux-x64': [ '0.34.3' ],
98 silly audit   '@img/sharp-linuxmusl-arm64': [ '0.34.3' ],
98 silly audit   '@img/sharp-linuxmusl-x64': [ '0.34.3' ],
98 silly audit   '@img/sharp-wasm32': [ '0.34.3' ],
98 silly audit   '@img/sharp-win32-arm64': [ '0.34.3' ],
98 silly audit   '@img/sharp-win32-ia32': [ '0.34.3' ],
98 silly audit   '@img/sharp-win32-x64': [ '0.34.3' ],
98 silly audit   '@isaacs/fs-minipass': [ '4.0.1' ],
98 silly audit   '@jridgewell/gen-mapping': [ '0.3.12' ],
98 silly audit   '@jridgewell/remapping': [ '2.3.5' ],
98 silly audit   '@jridgewell/resolve-uri': [ '3.1.2' ],
98 silly audit   '@jridgewell/sourcemap-codec': [ '1.5.4' ],
98 silly audit   '@jridgewell/trace-mapping': [ '0.3.29' ],
98 silly audit   '@napi-rs/wasm-runtime': [ '0.2.12' ],
98 silly audit   '@next/eslint-plugin-next': [ '16.1.1' ],
98 silly audit   '@nodelib/fs.scandir': [ '2.1.5' ],
98 silly audit   '@nodelib/fs.stat': [ '2.0.5' ],
98 silly audit   '@nodelib/fs.walk': [ '1.2.8' ],
98 silly audit   '@nolyfill/is-core-module': [ '1.0.39' ],
98 silly audit   '@rtsao/scc': [ '1.1.0' ],
98 silly audit   '@swc/helpers': [ '0.5.15' ],
98 silly audit   '@tailwindcss/node': [ '4.1.11' ],
98 silly audit   '@tailwindcss/oxide': [ '4.1.11' ],
98 silly audit   '@tailwindcss/oxide-android-arm64': [ '4.1.11' ],
98 silly audit   '@tailwindcss/oxide-darwin-arm64': [ '4.1.11' ],
98 silly audit   '@tailwindcss/oxide-darwin-x64': [ '4.1.11' ],
98 silly audit   '@tailwindcss/oxide-freebsd-x64': [ '4.1.11' ],
98 silly audit   '@tailwindcss/oxide-linux-arm-gnueabihf': [ '4.1.11' ],
98 silly audit   '@tailwindcss/oxide-linux-arm64-gnu': [ '4.1.11' ],
98 silly audit   '@tailwindcss/oxide-linux-arm64-musl': [ '4.1.11' ],
98 silly audit   '@tailwindcss/oxide-linux-x64-gnu': [ '4.1.11' ],
98 silly audit   '@tailwindcss/oxide-linux-x64-musl': [ '4.1.11' ],
98 silly audit   '@tailwindcss/oxide-wasm32-wasi': [ '4.1.11' ],
98 silly audit   '@tailwindcss/oxide-win32-arm64-msvc': [ '4.1.11' ],
98 silly audit   '@tailwindcss/oxide-win32-x64-msvc': [ '4.1.11' ],
98 silly audit   '@tailwindcss/postcss': [ '4.1.11' ],
98 silly audit   '@tybys/wasm-util': [ '0.10.1' ],
98 silly audit   '@types/estree': [ '1.0.8' ],
98 silly audit   '@types/json-schema': [ '7.0.15' ],
98 silly audit   '@types/json5': [ '0.0.29' ],
98 silly audit   '@typescript-eslint/eslint-plugin': [ '8.50.1' ],
98 silly audit   ignore: [ '7.0.5', '5.3.2' ],
98 silly audit   '@typescript-eslint/parser': [ '8.50.1' ],
98 silly audit   '@typescript-eslint/project-service': [ '8.50.1' ],
98 silly audit   '@typescript-eslint/scope-manager': [ '8.50.1' ],
98 silly audit   '@typescript-eslint/tsconfig-utils': [ '8.50.1' ],
98 silly audit   '@typescript-eslint/type-utils': [ '8.50.1' ],
98 silly audit   '@typescript-eslint/types': [ '8.50.1' ],
98 silly audit   '@typescript-eslint/typescript-estree': [ '8.50.1' ],
98 silly audit   'brace-expansion': [ '2.0.2', '1.1.12' ],
98 silly audit   minimatch: [ '9.0.5', '3.1.2' ],
98 silly audit   '@typescript-eslint/utils': [ '8.50.1' ],
98 silly audit   '@typescript-eslint/visitor-keys': [ '8.50.1' ],
98 silly audit   '@unrs/resolver-binding-android-arm-eabi': [ '1.11.1' ],
98 silly audit   '@unrs/resolver-binding-android-arm64': [ '1.11.1' ],
98 silly audit   '@unrs/resolver-binding-darwin-arm64': [ '1.11.1' ],
98 silly audit   '@unrs/resolver-binding-darwin-x64': [ '1.11.1' ],
98 silly audit   '@unrs/resolver-binding-freebsd-x64': [ '1.11.1' ],
98 silly audit   '@unrs/resolver-binding-linux-arm-gnueabihf': [ '1.11.1' ],
98 silly audit   '@unrs/resolver-binding-linux-arm-musleabihf': [ '1.11.1' ],
98 silly audit   '@unrs/resolver-binding-linux-arm64-gnu': [ '1.11.1' ],
98 silly audit   '@unrs/resolver-binding-linux-arm64-musl': [ '1.11.1' ],
98 silly audit   '@unrs/resolver-binding-linux-ppc64-gnu': [ '1.11.1' ],
98 silly audit   '@unrs/resolver-binding-linux-riscv64-gnu': [ '1.11.1' ],
98 silly audit   '@unrs/resolver-binding-linux-riscv64-musl': [ '1.11.1' ],
98 silly audit   '@unrs/resolver-binding-linux-s390x-gnu': [ '1.11.1' ],
98 silly audit   '@unrs/resolver-binding-linux-x64-gnu': [ '1.11.1' ],
98 silly audit   '@unrs/resolver-binding-linux-x64-musl': [ '1.11.1' ],
98 silly audit   '@unrs/resolver-binding-wasm32-wasi': [ '1.11.1' ],
98 silly audit   '@unrs/resolver-binding-win32-arm64-msvc': [ '1.11.1' ],
98 silly audit   '@unrs/resolver-binding-win32-ia32-msvc': [ '1.11.1' ],
98 silly audit   '@unrs/resolver-binding-win32-x64-msvc': [ '1.11.1' ],
98 silly audit   acorn: [ '8.15.0' ],
98 silly audit   'acorn-jsx': [ '5.3.2' ],
98 silly audit   ajv: [ '6.12.6' ],
98 silly audit   'ansi-styles': [ '4.3.0' ],
98 silly audit   appwrite: [ '18.1.1' ],
98 silly audit   argparse: [ '2.0.1' ],
98 silly audit   'aria-query': [ '5.3.2' ],
98 silly audit   'array-buffer-byte-length': [ '1.0.2' ],
98 silly audit   'array-includes': [ '3.1.9' ],
98 silly audit   'array.prototype.findlast': [ '1.2.5' ],
98 silly audit   'array.prototype.findlastindex': [ '1.2.6' ],
98 silly audit   'array.prototype.flat': [ '1.3.3' ],
98 silly audit   'array.prototype.flatmap': [ '1.3.3' ],
98 silly audit   'array.prototype.tosorted': [ '1.1.4' ],
98 silly audit   'arraybuffer.prototype.slice': [ '1.0.4' ],
98 silly audit   'ast-types-flow': [ '0.0.8' ],
98 silly audit   'async-function': [ '1.0.0' ],
98 silly audit   'available-typed-arrays': [ '1.0.7' ],
98 silly audit   'axe-core': [ '4.11.0' ],
98 silly audit   'axobject-query': [ '4.1.0' ],
98 silly audit   'balanced-match': [ '1.0.2' ],
98 silly audit   'baseline-browser-mapping': [ '2.9.11' ],
98 silly audit   braces: [ '3.0.3' ],
98 silly audit   browserslist: [ '4.28.1' ],
98 silly audit   'call-bind': [ '1.0.8' ],
98 silly audit   'call-bind-apply-helpers': [ '1.0.2' ],
98 silly audit   'call-bound': [ '1.0.4' ],
98 silly audit   callsites: [ '3.1.0' ],
98 silly audit   'caniuse-lite': [ '1.0.30001761' ],
98 silly audit   chalk: [ '4.1.2' ],
98 silly audit   chownr: [ '3.0.0' ],
98 silly audit   'client-only': [ '0.0.1' ],
98 silly audit   color: [ '4.2.3' ],
98 silly audit   'color-convert': [ '2.0.1' ],
98 silly audit   'color-name': [ '1.1.4' ],
98 silly audit   'color-string': [ '1.9.1' ],
98 silly audit   'concat-map': [ '0.0.1' ],
98 silly audit   'convert-source-map': [ '2.0.0' ],
98 silly audit   'cross-spawn': [ '7.0.6' ],
98 silly audit   'damerau-levenshtein': [ '1.0.8' ],
98 silly audit   'data-view-buffer': [ '1.0.2' ],
98 silly audit   'data-view-byte-length': [ '1.0.2' ],
98 silly audit   'data-view-byte-offset': [ '1.0.1' ],
98 silly audit   debug: [ '4.4.3', '3.2.7' ],
98 silly audit   'deep-is': [ '0.1.4' ],
98 silly audit   'define-data-property': [ '1.1.4' ],
98 silly audit   'define-properties': [ '1.2.1' ],
98 silly audit   'detect-libc': [ '2.0.4' ],
98 silly audit   doctrine: [ '2.1.0' ],
98 silly audit   'dunder-proto': [ '1.0.1' ],
98 silly audit   'electron-to-chromium': [ '1.5.267' ],
98 silly audit   'emoji-regex': [ '9.2.2' ],
98 silly audit   'enhanced-resolve': [ '5.18.2' ],
98 silly audit   'es-abstract': [ '1.24.1' ],
98 silly audit   'es-define-property': [ '1.0.1' ],
98 silly audit   'es-errors': [ '1.3.0' ],
98 silly audit   'es-iterator-helpers': [ '1.2.2' ],
98 silly audit   'es-object-atoms': [ '1.1.1' ],
98 silly audit   'es-set-tostringtag': [ '2.1.0' ],
98 silly audit   'es-shim-unscopables': [ '1.1.0' ],
98 silly audit   'es-to-primitive': [ '1.3.0' ],
98 silly audit   escalade: [ '3.2.0' ],
98 silly audit   'escape-string-regexp': [ '4.0.0' ],
98 silly audit   eslint: [ '9.39.2' ],
98 silly audit   'eslint-config-next': [ '16.1.1' ],
98 silly audit   globals: [ '16.4.0', '14.0.0' ],
98 silly audit   'eslint-import-resolver-node': [ '0.3.9' ],
98 silly audit   'eslint-import-resolver-typescript': [ '3.10.1' ],
98 silly audit   'eslint-module-utils': [ '2.12.1' ],
98 silly audit   'eslint-plugin-import': [ '2.32.0' ],
98 silly audit   'eslint-plugin-jsx-a11y': [ '6.10.2' ],
98 silly audit   'eslint-plugin-react': [ '7.37.5' ],
98 silly audit   'eslint-plugin-react-hooks': [ '7.0.1' ],
98 silly audit   resolve: [ '2.0.0-next.5', '1.22.11' ],
98 silly audit   'eslint-scope': [ '8.4.0' ],
98 silly audit   espree: [ '10.4.0' ],
98 silly audit   esquery: [ '1.6.0' ],
98 silly audit   esrecurse: [ '4.3.0' ],
98 silly audit   estraverse: [ '5.3.0' ],
98 silly audit   esutils: [ '2.0.3' ],
98 silly audit   'fast-deep-equal': [ '3.1.3' ],
98 silly audit   'fast-glob': [ '3.3.1' ],
98 silly audit   'glob-parent': [ '5.1.2', '6.0.2' ],
98 silly audit   'fast-json-stable-stringify': [ '2.1.0' ],
98 silly audit   'fast-levenshtein': [ '2.0.6' ],
98 silly audit   fastq: [ '1.19.1' ],
98 silly audit   'file-entry-cache': [ '8.0.0' ],
98 silly audit   'fill-range': [ '7.1.1' ],
98 silly audit   'find-up': [ '5.0.0' ],
98 silly audit   'flat-cache': [ '4.0.1' ],
98 silly audit   flatted: [ '3.3.3' ],
98 silly audit   'for-each': [ '0.3.5' ],
98 silly audit   'function-bind': [ '1.1.2' ],
98 silly audit   'function.prototype.name': [ '1.1.8' ],
98 silly audit   'functions-have-names': [ '1.2.3' ],
98 silly audit   'generator-function': [ '2.0.1' ],
98 silly audit   gensync: [ '1.0.0-beta.2' ],
98 silly audit   'get-intrinsic': [ '1.3.0' ],
98 silly audit   'get-proto': [ '1.0.1' ],
98 silly audit   'get-symbol-description': [ '1.1.0' ],
98 silly audit   'get-tsconfig': [ '4.13.0' ],
98 silly audit   globalthis: [ '1.0.4' ],
98 silly audit   gopd: [ '1.2.0' ],
98 silly audit   'graceful-fs': [ '4.2.11' ],
98 silly audit   'has-bigints': [ '1.1.0' ],
98 silly audit   'has-flag': [ '4.0.0' ],
98 silly audit   'has-property-descriptors': [ '1.0.2' ],
98 silly audit   'has-proto': [ '1.2.0' ],
98 silly audit   'has-symbols': [ '1.1.0' ],
98 silly audit   'has-tostringtag': [ '1.0.2' ],
98 silly audit   hasown: [ '2.0.2' ],
98 silly audit   'hermes-estree': [ '0.25.1' ],
98 silly audit   'hermes-parser': [ '0.25.1' ],
98 silly audit   'import-fresh': [ '3.3.1' ],
98 silly audit   imurmurhash: [ '0.1.4' ],
98 silly audit   'internal-slot': [ '1.1.0' ],
98 silly audit   'is-array-buffer': [ '3.0.5' ],
98 silly audit   'is-arrayish': [ '0.3.2' ],
98 silly audit   'is-async-function': [ '2.1.1' ],
98 silly audit   'is-bigint': [ '1.1.0' ],
98 silly audit   'is-boolean-object': [ '1.2.2' ],
98 silly audit   'is-bun-module': [ '2.0.0' ],
98 silly audit   'is-callable': [ '1.2.7' ],
98 silly audit   'is-core-module': [ '2.16.1' ],
98 silly audit   'is-data-view': [ '1.0.2' ],
98 silly audit   'is-date-object': [ '1.1.0' ],
98 silly audit   'is-extglob': [ '2.1.1' ],
98 silly audit   'is-finalizationregistry': [ '1.1.1' ],
98 silly audit   'is-generator-function': [ '1.1.2' ],
98 silly audit   'is-glob': [ '4.0.3' ],
98 silly audit   'is-map': [ '2.0.3' ],
98 silly audit   'is-negative-zero': [ '2.0.3' ],
98 silly audit   'is-number': [ '7.0.0' ],
98 silly audit   'is-number-object': [ '1.1.1' ],
98 silly audit   'is-regex': [ '1.2.1' ],
98 silly audit   'is-set': [ '2.0.3' ],
98 silly audit   'is-shared-array-buffer': [ '1.0.4' ],
98 silly audit   'is-string': [ '1.1.1' ],
98 silly audit   'is-symbol': [ '1.1.1' ],
98 silly audit   'is-typed-array': [ '1.1.15' ],
98 silly audit   'is-weakmap': [ '2.0.2' ],
98 silly audit   'is-weakref': [ '1.1.1' ],
98 silly audit   'is-weakset': [ '2.0.4' ],
98 silly audit   isarray: [ '2.0.5' ],
98 silly audit   isexe: [ '2.0.0' ],
98 silly audit   'iterator.prototype': [ '1.1.5' ],
98 silly audit   jiti: [ '2.4.2' ],
98 silly audit   'js-tokens': [ '4.0.0' ],
98 silly audit   'js-yaml': [ '4.1.1' ],
98 silly audit   jsesc: [ '3.1.0' ],
98 silly audit   'json-buffer': [ '3.0.1' ],
98 silly audit   'json-schema-traverse': [ '0.4.1' ],
98 silly audit   'json-stable-stringify-without-jsonify': [ '1.0.1' ],
98 silly audit   json5: [ '2.2.3', '1.0.2' ],
98 silly audit   'jsx-ast-utils': [ '3.3.5' ],
98 silly audit   keyv: [ '4.5.4' ],
98 silly audit   'language-subtag-registry': [ '0.3.23' ],
98 silly audit   'language-tags': [ '1.0.9' ],
98 silly audit   levn: [ '0.4.1' ],
98 silly audit   lightningcss: [ '1.30.1' ],
98 silly audit   'lightningcss-darwin-arm64': [ '1.30.1' ],
98 silly audit   'lightningcss-darwin-x64': [ '1.30.1' ],
98 silly audit   'lightningcss-freebsd-x64': [ '1.30.1' ],
98 silly audit   'lightningcss-linux-arm-gnueabihf': [ '1.30.1' ],
98 silly audit   'lightningcss-linux-arm64-gnu': [ '1.30.1' ],
98 silly audit   'lightningcss-linux-arm64-musl': [ '1.30.1' ],
98 silly audit   'lightningcss-linux-x64-gnu': [ '1.30.1' ],
98 silly audit   'lightningcss-linux-x64-musl': [ '1.30.1' ],
98 silly audit   'lightningcss-win32-arm64-msvc': [ '1.30.1' ],
98 silly audit   'lightningcss-win32-x64-msvc': [ '1.30.1' ],
98 silly audit   'locate-path': [ '6.0.0' ],
98 silly audit   'lodash.merge': [ '4.6.2' ],
98 silly audit   'loose-envify': [ '1.4.0' ],
98 silly audit   'lru-cache': [ '5.1.1' ],
98 silly audit   yallist: [ '3.1.1', '5.0.0' ],
98 silly audit   'magic-string': [ '0.30.17' ],
98 silly audit   'math-intrinsics': [ '1.1.0' ],
98 silly audit   merge2: [ '1.4.1' ],
98 silly audit   micromatch: [ '4.0.8' ],
98 silly audit   minimist: [ '1.2.8' ],
98 silly audit   minipass: [ '7.1.2' ],
98 silly audit   minizlib: [ '3.0.2' ],
98 silly audit   mkdirp: [ '3.0.1' ],
98 silly audit   ms: [ '2.1.3' ],
98 silly audit   nanoid: [ '3.3.11' ],
98 silly audit   'napi-postinstall': [ '0.3.4' ],
98 silly audit   'natural-compare': [ '1.4.0' ],
98 silly audit   postcss: [ '8.5.6', '8.4.31' ],
98 silly audit   'node-appwrite': [ '21.0.0' ],
98 silly audit   'node-fetch-native-with-agent': [ '1.7.2' ],
98 silly audit   'node-releases': [ '2.0.27' ],
98 silly audit   'object-assign': [ '4.1.1' ],
98 silly audit   'object-inspect': [ '1.13.4' ],
98 silly audit   'object-keys': [ '1.1.1' ],
98 silly audit   'object.assign': [ '4.1.7' ],
98 silly audit   'object.entries': [ '1.1.9' ],
98 silly audit   'object.fromentries': [ '2.0.8' ],
98 silly audit   'object.groupby': [ '1.0.3' ],
98 silly audit   'object.values': [ '1.2.1' ],
98 silly audit   optionator: [ '0.9.4' ],
98 silly audit   'own-keys': [ '1.0.1' ],
98 silly audit   'p-limit': [ '3.1.0' ],
98 silly audit   'p-locate': [ '5.0.0' ],
98 silly audit   'parent-module': [ '1.0.1' ],
98 silly audit   'path-exists': [ '4.0.0' ],
98 silly audit   'path-key': [ '3.1.1' ],
98 silly audit   'path-parse': [ '1.0.7' ],
98 silly audit   picocolors: [ '1.1.1' ],
98 silly audit   picomatch: [ '2.3.1', '4.0.3' ],
98 silly audit   'possible-typed-array-names': [ '1.1.0' ],
98 silly audit   'prelude-ls': [ '1.2.1' ],
98 silly audit   prettier: [ '3.6.2' ],
98 silly audit   'prettier-plugin-tailwindcss': [ '0.6.14' ],
98 silly audit   'prop-types': [ '15.8.1' ],
98 silly audit   punycode: [ '2.3.1' ],
98 silly audit   'queue-microtask': [ '1.2.3' ],
98 silly audit   react: [ '19.1.2' ],
98 silly audit   'react-dom': [ '19.1.2' ],
98 silly audit   'react-is': [ '16.13.1' ],
98 silly audit   'reflect.getprototypeof': [ '1.0.10' ],
98 silly audit   'regexp.prototype.flags': [ '1.5.4' ],
98 silly audit   'resolve-from': [ '4.0.0' ],
98 silly audit   'resolve-pkg-maps': [ '1.0.0' ],
98 silly audit   reusify: [ '1.1.0' ],
98 silly audit   'run-parallel': [ '1.2.0' ],
98 silly audit   'safe-array-concat': [ '1.1.3' ],
98 silly audit   'safe-push-apply': [ '1.0.0' ],
98 silly audit   'safe-regex-test': [ '1.1.0' ],
98 silly audit   scheduler: [ '0.26.0' ],
98 silly audit   'set-function-length': [ '1.2.2' ],
98 silly audit   'set-function-name': [ '2.0.2' ],
98 silly audit   'set-proto': [ '1.0.0' ],
98 silly audit   sharp: [ '0.34.3' ],
98 silly audit   'shebang-command': [ '2.0.0' ],
98 silly audit   'shebang-regex': [ '3.0.0' ],
98 silly audit   'side-channel': [ '1.1.0' ],
98 silly audit   'side-channel-list': [ '1.0.0' ],
98 silly audit   'side-channel-map': [ '1.0.1' ],
98 silly audit   'side-channel-weakmap': [ '1.0.2' ],
98 silly audit   'simple-swizzle': [ '0.2.2' ],
98 silly audit   'source-map-js': [ '1.2.1' ],
98 silly audit   'stable-hash': [ '0.0.5' ],
98 silly audit   'stop-iteration-iterator': [ '1.1.0' ],
98 silly audit   'string.prototype.includes': [ '2.0.1' ],
98 silly audit   'string.prototype.matchall': [ '4.0.12' ],
98 silly audit   'string.prototype.repeat': [ '1.0.0' ],
98 silly audit   'string.prototype.trim': [ '1.2.10' ],
98 silly audit   'string.prototype.trimend': [ '1.0.9' ],
98 silly audit   'string.prototype.trimstart': [ '1.0.8' ],
98 silly audit   'strip-bom': [ '3.0.0' ],
98 silly audit   'strip-json-comments': [ '3.1.1' ],
98 silly audit   'styled-jsx': [ '5.1.6' ],
98 silly audit   'supports-color': [ '7.2.0' ],
98 silly audit   'supports-preserve-symlinks-flag': [ '1.0.0' ],
98 silly audit   tailwindcss: [ '4.1.11' ],
98 silly audit   tapable: [ '2.2.2' ],
98 silly audit   tar: [ '7.4.3' ],
98 silly audit   tinyglobby: [ '0.2.15' ],
98 silly audit   fdir: [ '6.5.0' ],
98 silly audit   'to-regex-range': [ '5.0.1' ],
98 silly audit   'ts-api-utils': [ '2.1.0' ],
98 silly audit   'tsconfig-paths': [ '3.15.0' ],
98 silly audit   tslib: [ '2.8.1' ],
98 silly audit   'type-check': [ '0.4.0' ],
98 silly audit   'typed-array-buffer': [ '1.0.3' ],
98 silly audit   'typed-array-byte-length': [ '1.0.3' ],
98 silly audit   'typed-array-byte-offset': [ '1.0.4' ],
98 silly audit   'typed-array-length': [ '1.0.7' ],
98 silly audit   typescript: [ '5.9.3' ],
98 silly audit   'typescript-eslint': [ '8.50.1' ],
98 silly audit   'unbox-primitive': [ '1.1.0' ],
98 silly audit   'unrs-resolver': [ '1.11.1' ],
98 silly audit   'update-browserslist-db': [ '1.2.3' ],
98 silly audit   'uri-js': [ '4.4.1' ],
98 silly audit   which: [ '2.0.2' ],
98 silly audit   'which-boxed-primitive': [ '1.1.1' ],
98 silly audit   'which-builtin-type': [ '1.2.1' ],
98 silly audit   'which-collection': [ '1.0.2' ],
98 silly audit   'which-typed-array': [ '1.1.19' ],
98 silly audit   'word-wrap': [ '1.2.5' ],
98 silly audit   'yocto-queue': [ '0.1.0' ],
98 silly audit   zod: [ '4.2.1' ],
98 silly audit   'zod-validation-error': [ '4.0.2' ],
98 silly audit   next: [ '15.5.9' ],
98 silly audit   '@next/env': [ '15.5.9' ],
98 silly audit   '@next/swc-darwin-arm64': [ '15.5.7' ],
98 silly audit   '@next/swc-darwin-x64': [ '15.5.7' ],
98 silly audit   '@next/swc-linux-arm64-gnu': [ '15.5.7' ],
98 silly audit   '@next/swc-linux-arm64-musl': [ '15.5.7' ],
98 silly audit   '@next/swc-linux-x64-gnu': [ '15.5.7' ],
98 silly audit   '@next/swc-linux-x64-musl': [ '15.5.7' ],
98 silly audit   '@next/swc-win32-arm64-msvc': [ '15.5.7' ],
98 silly audit   '@next/swc-win32-x64-msvc': [ '15.5.7' ]
98 silly audit }
99 http cache next@https://registry.npmjs.org/next/-/next-15.5.9.tgz 0ms (cache hit)
100 http cache @next/swc-darwin-arm64@https://registry.npmjs.org/@next/swc-darwin-arm64/-/swc-darwin-arm64-15.5.7.tgz 0ms (cache hit)
101 http cache @next/env@https://registry.npmjs.org/@next/env/-/env-15.5.9.tgz 0ms (cache hit)
102 silly tarball no local data for next@https://registry.npmjs.org/next/-/next-15.5.9.tgz. Extracting by manifest.
103 silly tarball no local data for @next/swc-darwin-arm64@https://registry.npmjs.org/@next/swc-darwin-arm64/-/swc-darwin-arm64-15.5.7.tgz. Extracting by manifest.
104 silly tarball no local data for @next/env@https://registry.npmjs.org/@next/env/-/env-15.5.9.tgz. Extracting by manifest.
105 http fetch POST 200 https://registry.npmjs.org/-/npm/v1/security/advisories/bulk 49ms
106 silly audit report {}
107 http fetch GET 200 https://registry.npmjs.org/@next/env/-/env-15.5.9.tgz 58ms (cache miss)
108 http fetch GET 200 https://registry.npmjs.org/@next/swc-darwin-arm64/-/swc-darwin-arm64-15.5.7.tgz 1205ms (cache miss)
109 http fetch GET 200 https://registry.npmjs.org/next/-/next-15.5.9.tgz 2428ms (cache miss)
110 silly CHANGE node_modules/next
111 silly CHANGE node_modules/@next/swc-darwin-arm64
112 silly CHANGE node_modules/@next/env
113 verbose cwd /Users/michaelstewart/Library/CloudStorage/OneDrive-ClackamasCommunityCollege/regimen-iq
114 verbose os Darwin 25.2.0
115 verbose node v22.21.0
116 verbose npm  v11.7.0
117 verbose exit 0
118 info ok
